TN:
SF:404/app.js
FN:5,(anonymous_0)
FNF:1
FNH:1
FNDA:1,(anonymous_0)
DA:1,1
DA:3,1
DA:5,1
DA:6,1
DA:7,1
DA:9,1
DA:10,1
DA:11,1
DA:13,0
DA:17,0
DA:18,0
LF:11
LH:8
BRDA:7,0,0,1
BRDA:7,0,1,0
BRDA:7,0,2,0
BRF:3
BRH:1
end_of_record
TN:
SF:base-auth/app.js
FN:6,(anonymous_0)
FN:24,(anonymous_1)
FNF:2
FNH:2
FNDA:3,(anonymous_0)
FNDA:1,(anonymous_1)
DA:1,1
DA:2,1
DA:4,1
DA:6,1
DA:7,3
DA:8,3
DA:10,2
DA:11,2
DA:12,2
DA:13,2
DA:15,0
DA:20,1
DA:24,1
DA:25,1
LF:14
LH:13
BRDA:10,0,0,2
BRDA:10,0,1,0
BRF:2
BRH:1
end_of_record
